Started GET "/" for 127.0.0.1 at 2024-02-02 22:01:01 -0600
  [1m[35m (0.2ms)[0m  [1m[35mCREATE TABLE "schema_migrations" ("version" varchar NOT NULL PRIMARY KEY)[0m
  [1m[35m (0.1ms)[0m  [1m[35mCREATE TABLE "ar_internal_metadata" ("key" varchar NOT NULL PRIMARY KEY, "value" varchar, "created_at" datetime(6) NOT NULL, "updated_at" datetime(6) NOT NULL)[0m
  [1m[36mActiveRecord::SchemaMigration Load (0.1ms)[0m  [1m[34mSELECT "schema_migrations"."version" FROM "schema_migrations" ORDER BY "schema_migrations"."version" ASC[0m
Processing by Rails::WelcomeController#index as HTML
  Rendering /Users/simran/.asdf/installs/ruby/3.2.2/lib/ruby/gems/3.2.0/gems/railties-7.1.3/lib/rails/templates/rails/welcome/index.html.erb
  Rendered /Users/simran/.asdf/installs/ruby/3.2.2/lib/ruby/gems/3.2.0/gems/railties-7.1.3/lib/rails/templates/rails/welcome/index.html.erb (Duration: 0.4ms | Allocations: 375)
Completed 200 OK in 13ms (Views: 3.8ms | ActiveRecord: 0.0ms | Allocations: 7877)


Started GET "/" for 127.0.0.1 at 2024-02-02 22:05:50 -0600
Processing by Rails::WelcomeController#index as HTML
  Rendering /Users/simran/.asdf/installs/ruby/3.2.2/lib/ruby/gems/3.2.0/gems/railties-7.1.3/lib/rails/templates/rails/welcome/index.html.erb
  Rendered /Users/simran/.asdf/installs/ruby/3.2.2/lib/ruby/gems/3.2.0/gems/railties-7.1.3/lib/rails/templates/rails/welcome/index.html.erb (Duration: 0.4ms | Allocations: 261)
Completed 200 OK in 2ms (Views: 0.9ms | ActiveRecord: 0.0ms | Allocations: 892)


Started GET "/" for 127.0.0.1 at 2024-02-02 22:10:41 -0600
Processing by Rails::WelcomeController#index as HTML
  Rendering /Users/simran/.asdf/installs/ruby/3.2.2/lib/ruby/gems/3.2.0/gems/railties-7.1.3/lib/rails/templates/rails/welcome/index.html.erb
  Rendered /Users/simran/.asdf/installs/ruby/3.2.2/lib/ruby/gems/3.2.0/gems/railties-7.1.3/lib/rails/templates/rails/welcome/index.html.erb (Duration: 0.1ms | Allocations: 13)
Completed 200 OK in 2ms (Views: 0.7ms | ActiveRecord: 0.0ms | Allocations: 208)


Started GET "/home" for 127.0.0.1 at 2024-02-02 22:10:46 -0600
  
ActionController::RoutingError (No route matches [GET] "/home"):
  
Started GET "/staticpages/home" for 127.0.0.1 at 2024-02-02 22:11:01 -0600
  
ActionController::RoutingError (No route matches [GET] "/staticpages/home"):
  
Started GET "/static_pages/home" for 127.0.0.1 at 2024-02-02 22:11:29 -0600
Processing by StaticPagesController#home as HTML
  Rendering layout layouts/application.html.erb
  Rendering static_pages/home.html.erb within layouts/application
  Rendered static_pages/home.html.erb within layouts/application (Duration: 0.3ms | Allocations: 96)
  Rendered layout layouts/application.html.erb (Duration: 501.0ms | Allocations: 91689)
Completed 200 OK in 504ms (Views: 502.7ms | ActiveRecord: 0.0ms | Allocations: 92586)


Started GET "/static_pages/home" for 127.0.0.1 at 2024-02-02 22:11:43 -0600
Processing by StaticPagesController#home as HTML
  Rendering layout layouts/application.html.erb
  Rendering static_pages/home.html.erb within layouts/application
  Rendered static_pages/home.html.erb within layouts/application (Duration: 0.1ms | Allocations: 103)
  Rendered layout layouts/application.html.erb (Duration: 10.3ms | Allocations: 17470)
Completed 200 OK in 11ms (Views: 11.1ms | ActiveRecord: 0.0ms | Allocations: 18371)


Started GET "/static_pages/home" for 127.0.0.1 at 2024-02-02 22:29:43 -0600
Processing by StaticPagesController#home as HTML
  Rendering layout layouts/application.html.erb
  Rendering static_pages/home.html.erb within layouts/application
  Rendered static_pages/home.html.erb within layouts/application (Duration: 0.2ms | Allocations: 109)
  Rendered layout layouts/application.html.erb (Duration: 5.0ms | Allocations: 15080)
Completed 200 OK in 6ms (Views: 5.6ms | ActiveRecord: 0.0ms | Allocations: 15983)


Started GET "/static_pages/home" for 127.0.0.1 at 2024-02-02 22:29:45 -0600
Processing by StaticPagesController#home as HTML
  Rendering layout layouts/application.html.erb
  Rendering static_pages/home.html.erb within layouts/application
  Rendered static_pages/home.html.erb within layouts/application (Duration: 0.1ms | Allocations: 7)
  Rendered layout layouts/application.html.erb (Duration: 5.4ms | Allocations: 1297)
Completed 200 OK in 7ms (Views: 6.3ms | ActiveRecord: 0.0ms | Allocations: 1535)


Started GET "/static_pages/home" for 127.0.0.1 at 2024-02-02 22:29:46 -0600
Processing by StaticPagesController#home as HTML
  Rendering layout layouts/application.html.erb
  Rendering static_pages/home.html.erb within layouts/application
  Rendered static_pages/home.html.erb within layouts/application (Duration: 0.1ms | Allocations: 7)
  Rendered layout layouts/application.html.erb (Duration: 3.7ms | Allocations: 1313)
Completed 200 OK in 5ms (Views: 4.6ms | ActiveRecord: 0.0ms | Allocations: 1551)


Started GET "/static_pages/home" for 127.0.0.1 at 2024-02-02 22:29:47 -0600
Processing by StaticPagesController#home as HTML
  Rendering layout layouts/application.html.erb
  Rendering static_pages/home.html.erb within layouts/application
  Rendered static_pages/home.html.erb within layouts/application (Duration: 0.1ms | Allocations: 7)
  Rendered layout layouts/application.html.erb (Duration: 4.9ms | Allocations: 1304)
Completed 200 OK in 7ms (Views: 5.9ms | ActiveRecord: 0.0ms | Allocations: 1542)


Started GET "/static_pages/home" for 127.0.0.1 at 2024-02-02 22:29:47 -0600
Processing by StaticPagesController#home as HTML
  Rendering layout layouts/application.html.erb
  Rendering static_pages/home.html.erb within layouts/application
  Rendered static_pages/home.html.erb within layouts/application (Duration: 0.1ms | Allocations: 7)
  Rendered layout layouts/application.html.erb (Duration: 3.6ms | Allocations: 1301)
Completed 200 OK in 5ms (Views: 4.5ms | ActiveRecord: 0.0ms | Allocations: 1539)


Started GET "/static_pages/about" for 127.0.0.1 at 2024-02-02 22:30:24 -0600
Processing by StaticPagesController#about as HTML
  Rendering layout layouts/application.html.erb
  Rendering static_pages/about.html.erb within layouts/application
  Rendered static_pages/about.html.erb within layouts/application (Duration: 0.8ms | Allocations: 110)
  Rendered layout layouts/application.html.erb (Duration: 4.1ms | Allocations: 1406)
Completed 200 OK in 6ms (Views: 4.9ms | ActiveRecord: 0.0ms | Allocations: 1713)


Started GET "/static_pages/about" for 127.0.0.1 at 2024-02-02 22:33:02 -0600
Processing by StaticPagesController#about as HTML
  Rendering static_pages/about.html.erb
  Rendered static_pages/about.html.erb (Duration: 0.1ms | Allocations: 113)
Completed 200 OK in 2ms (Views: 0.9ms | ActiveRecord: 0.0ms | Allocations: 1143)


Started GET "/static_pages/home" for 127.0.0.1 at 2024-02-02 22:33:12 -0600
Processing by StaticPagesController#home as HTML
  Rendering static_pages/home.html.erb
  Rendered static_pages/home.html.erb (Duration: 0.7ms | Allocations: 102)
Completed 200 OK in 3ms (Views: 1.4ms | ActiveRecord: 0.0ms | Allocations: 442)


Started GET "/static_pages/home" for 127.0.0.1 at 2024-02-02 22:35:48 -0600
Processing by StaticPagesController#home as HTML
  Rendering static_pages/home.html.erb
  Rendered static_pages/home.html.erb (Duration: 0.1ms | Allocations: 7)
Completed 200 OK in 2ms (Views: 1.0ms | ActiveRecord: 0.0ms | Allocations: 284)


Started GET "/static_pages/home" for 127.0.0.1 at 2024-02-02 22:38:32 -0600
Processing by StaticPagesController#home as HTML
  Rendering static_pages/home.html.erb
  Rendered static_pages/home.html.erb (Duration: 0.1ms | Allocations: 137)
Completed 200 OK in 1ms (Views: 0.9ms | ActiveRecord: 0.0ms | Allocations: 1169)


Started GET "/static_pages/home" for 127.0.0.1 at 2024-02-02 22:38:33 -0600
Processing by StaticPagesController#home as HTML
  Rendering static_pages/home.html.erb
  Rendered static_pages/home.html.erb (Duration: 0.1ms | Allocations: 11)
Completed 200 OK in 2ms (Views: 0.9ms | ActiveRecord: 0.0ms | Allocations: 290)


Started GET "/static_pages/home" for 127.0.0.1 at 2024-02-02 22:38:55 -0600
Processing by StaticPagesController#home as HTML
  Rendering static_pages/home.html.erb
  Rendered static_pages/home.html.erb (Duration: 0.2ms | Allocations: 151)
Completed 200 OK in 1ms (Views: 0.9ms | ActiveRecord: 0.0ms | Allocations: 1179)


Started GET "/static_pages/home" for 127.0.0.1 at 2024-02-02 22:44:52 -0600
Processing by StaticPagesController#home as HTML
  Rendering layout layouts/application.html.erb
  Rendering static_pages/home.html.erb within layouts/application
  Rendered static_pages/home.html.erb within layouts/application (Duration: 0.3ms | Allocations: 146)
  Rendered layout layouts/application.html.erb (Duration: 7.3ms | Allocations: 15166)
Completed 200 OK in 9ms (Views: 8.1ms | ActiveRecord: 0.0ms | Allocations: 16064)


Started GET "/static_pages" for 127.0.0.1 at 2024-02-02 22:44:55 -0600
  
ActionController::RoutingError (No route matches [GET] "/static_pages"):
  
Started GET "/" for 127.0.0.1 at 2024-02-02 22:45:00 -0600
Processing by Rails::WelcomeController#index as HTML
  Rendering /Users/simran/.asdf/installs/ruby/3.2.2/lib/ruby/gems/3.2.0/gems/railties-7.1.3/lib/rails/templates/rails/welcome/index.html.erb
  Rendered /Users/simran/.asdf/installs/ruby/3.2.2/lib/ruby/gems/3.2.0/gems/railties-7.1.3/lib/rails/templates/rails/welcome/index.html.erb (Duration: 1.1ms | Allocations: 260)
Completed 200 OK in 5ms (Views: 2.8ms | ActiveRecord: 0.0ms | Allocations: 821)


Started GET "/static_pages/home" for 127.0.0.1 at 2024-02-02 22:45:05 -0600
Processing by StaticPagesController#home as HTML
  Rendering layout layouts/application.html.erb
  Rendering static_pages/home.html.erb within layouts/application
  Rendered static_pages/home.html.erb within layouts/application (Duration: 0.1ms | Allocations: 13)
  Rendered layout layouts/application.html.erb (Duration: 4.0ms | Allocations: 1302)
Completed 200 OK in 5ms (Views: 4.7ms | ActiveRecord: 0.0ms | Allocations: 1540)


Started GET "/static_pages/home" for 127.0.0.1 at 2024-02-02 22:47:57 -0600
Processing by StaticPagesController#home as HTML
  Rendering layout layouts/application.html.erb
  Rendering static_pages/home.html.erb within layouts/application
  Rendered static_pages/home.html.erb within layouts/application (Duration: 0.1ms | Allocations: 120)
  Rendered layout layouts/application.html.erb (Duration: 7.5ms | Allocations: 15116)
Completed 200 OK in 9ms (Views: 8.2ms | ActiveRecord: 0.0ms | Allocations: 16013)


Started GET "/static_pages/about" for 127.0.0.1 at 2024-02-02 22:48:03 -0600
Processing by StaticPagesController#about as HTML
  Rendering layout layouts/application.html.erb
  Rendering static_pages/about.html.erb within layouts/application
  Rendered static_pages/about.html.erb within layouts/application (Duration: 0.9ms | Allocations: 121)
  Rendered layout layouts/application.html.erb (Duration: 4.4ms | Allocations: 1408)
Completed 200 OK in 6ms (Views: 5.1ms | ActiveRecord: 0.0ms | Allocations: 1706)


Started GET "/static_pages/contact" for 127.0.0.1 at 2024-02-02 22:54:13 -0600
  
ActionController::RoutingError (No route matches [GET] "/static_pages/contact"):
  
Started GET "/static_pages/contact" for 127.0.0.1 at 2024-02-02 22:54:35 -0600
Processing by StaticPagesController#contact as HTML
  Rendering layout layouts/application.html.erb
  Rendering static_pages/contact.html.erb within layouts/application
  Rendered static_pages/contact.html.erb within layouts/application (Duration: 0.2ms | Allocations: 120)
  Rendered layout layouts/application.html.erb (Duration: 7.2ms | Allocations: 15147)
Completed 200 OK in 9ms (Views: 8.3ms | ActiveRecord: 0.0ms | Allocations: 16046)


Started GET "/" for 127.0.0.1 at 2024-02-03 00:24:45 -0600
Processing by StaticPagesController#home as HTML
  Rendering layout layouts/application.html.erb
  Rendering static_pages/home.html.erb within layouts/application
  Rendered static_pages/home.html.erb within layouts/application (Duration: 0.2ms | Allocations: 119)
  Rendered layout layouts/application.html.erb (Duration: 11.2ms | Allocations: 15201)
Completed 200 OK in 13ms (Views: 12.3ms | ActiveRecord: 0.0ms | Allocations: 16100)


Started GET "/" for 127.0.0.1 at 2024-02-03 00:25:06 -0600
Processing by StaticPagesController#home as HTML
  Rendering layout layouts/application.html.erb
  Rendering static_pages/home.html.erb within layouts/application
  Rendered static_pages/home.html.erb within layouts/application (Duration: 0.1ms | Allocations: 10)
  Rendered layout layouts/application.html.erb (Duration: 5.6ms | Allocations: 1355)
Completed 200 OK in 8ms (Views: 6.3ms | ActiveRecord: 0.0ms | Allocations: 1593)


Started GET "/" for 127.0.0.1 at 2024-02-03 00:29:24 -0600
Processing by StaticPagesController#home as HTML
  Rendering layout layouts/application.html.erb
  Rendering static_pages/home.html.erb within layouts/application
  Rendered static_pages/home.html.erb within layouts/application (Duration: 1.4ms | Allocations: 1973)
  Rendered layout layouts/application.html.erb (Duration: 1.5ms | Allocations: 2065)
Completed 500 Internal Server Error in 3ms (ActiveRecord: 0.0ms | Allocations: 2964)


  
ActionView::Template::Error (The asset "rails.svg" is not present in the asset pipeline.
):
     8: </h2>
     9: <%= link_to "Sign up now!", '#', class: "btn btn-lg btn-primary" %>
    10: </div>
    11: <%= link_to image_tag("rails.svg", alt: "Rails logo", width: "200"),
    12: "https://rubyonrails.org/" %>
  
app/views/static_pages/home.html.erb:11
Started GET "/" for 127.0.0.1 at 2024-02-03 00:29:42 -0600
Processing by StaticPagesController#home as HTML
  Rendering layout layouts/application.html.erb
  Rendering static_pages/home.html.erb within layouts/application
  Rendered static_pages/home.html.erb within layouts/application (Duration: 0.2ms | Allocations: 170)
  Rendered layout layouts/application.html.erb (Duration: 6.2ms | Allocations: 15279)
Completed 200 OK in 7ms (Views: 6.9ms | ActiveRecord: 0.0ms | Allocations: 16176)


